2021-01-16 18:57:20,699 foo             INFO     worker 1    Message no. 0 
2021-01-16 18:57:20,702 foo.bar         DEBUG    worker 1    Message no. 2 
2021-01-16 18:57:20,702 foo             WARNING  worker 1    Message no. 4 
2021-01-16 18:57:20,702 foo.bar.baz     INFO     worker 1    Message no. 5 
2021-01-16 18:57:20,702 foo.bar.baz     ERROR    worker 1    Message no. 10 
2021-01-16 18:57:20,702 foo             INFO     worker 1    Message no. 12 
2021-01-16 18:57:20,702 foo             CRITICAL worker 1    Message no. 13 
2021-01-16 18:57:20,702 foo.bar         CRITICAL worker 1    Message no. 14 
2021-01-16 18:57:20,702 foo.bar.baz     DEBUG    worker 1    Message no. 15 
2021-01-16 18:57:20,702 foo.bar.baz     ERROR    worker 1    Message no. 16 
2021-01-16 18:57:20,702 foo.bar         INFO     worker 1    Message no. 17 
2021-01-16 18:57:20,702 foo.bar.baz     CRITICAL worker 1    Message no. 18 
2021-01-16 18:57:20,702 foo             INFO     worker 1    Message no. 19 
2021-01-16 18:57:20,702 foo             CRITICAL worker 1    Message no. 20 
2021-01-16 18:57:20,702 foo.bar.baz     DEBUG    worker 1    Message no. 21 
2021-01-16 18:57:20,702 foo.bar         CRITICAL worker 1    Message no. 23 
2021-01-16 18:57:20,702 foo.bar         ERROR    worker 1    Message no. 25 
2021-01-16 18:57:20,702 foo.bar.baz     INFO     worker 1    Message no. 26 
2021-01-16 18:57:20,702 foo.bar.baz     DEBUG    worker 1    Message no. 27 
2021-01-16 18:57:20,703 foo.bar         INFO     worker 1    Message no. 31 
2021-01-16 18:57:20,703 foo.bar.baz     DEBUG    worker 1    Message no. 33 
2021-01-16 18:57:20,703 foo.bar.baz     INFO     worker 1    Message no. 34 
2021-01-16 18:57:20,703 foo.bar.baz     CRITICAL worker 1    Message no. 35 
2021-01-16 18:57:20,703 foo.bar         WARNING  worker 1    Message no. 37 
2021-01-16 18:57:20,703 foo             ERROR    worker 1    Message no. 41 
2021-01-16 18:57:20,703 foo             CRITICAL worker 1    Message no. 44 
2021-01-16 18:57:20,703 foo.bar         ERROR    worker 1    Message no. 46 
2021-01-16 18:57:20,703 foo             ERROR    worker 1    Message no. 47 
2021-01-16 18:57:20,703 foo.bar.baz     INFO     worker 1    Message no. 51 
2021-01-16 18:57:20,703 foo             WARNING  worker 1    Message no. 54 
2021-01-16 18:57:20,703 foo.bar.baz     DEBUG    worker 1    Message no. 56 
2021-01-16 18:57:20,703 foo             CRITICAL worker 1    Message no. 58 
2021-01-16 18:57:20,703 foo             DEBUG    worker 1    Message no. 59 
2021-01-16 18:57:20,703 foo.bar         CRITICAL worker 1    Message no. 61 
2021-01-16 18:57:20,703 foo.bar         INFO     worker 1    Message no. 66 
2021-01-16 18:57:20,703 foo.bar.baz     WARNING  worker 1    Message no. 68 
2021-01-16 18:57:20,703 foo.bar.baz     WARNING  worker 1    Message no. 69 
2021-01-16 18:57:20,704 foo             CRITICAL worker 1    Message no. 73 
2021-01-16 18:57:20,704 foo             DEBUG    worker 1    Message no. 74 
2021-01-16 18:57:20,704 foo.bar.baz     CRITICAL worker 1    Message no. 79 
2021-01-16 18:57:20,704 foo             CRITICAL worker 1    Message no. 80 
2021-01-16 18:57:20,704 foo.bar         ERROR    worker 1    Message no. 81 
2021-01-16 18:57:20,704 foo             CRITICAL worker 1    Message no. 82 
2021-01-16 18:57:20,704 foo.bar         INFO     worker 1    Message no. 83 
2021-01-16 18:57:20,704 foo.bar         DEBUG    worker 1    Message no. 84 
2021-01-16 18:57:20,704 foo             DEBUG    worker 1    Message no. 86 
2021-01-16 18:57:20,704 foo.bar.baz     WARNING  worker 1    Message no. 90 
2021-01-16 18:57:20,704 foo.bar         WARNING  worker 1    Message no. 91 
2021-01-16 18:57:20,704 foo.bar.baz     INFO     worker 1    Message no. 92 
2021-01-16 18:57:20,704 foo.bar         ERROR    worker 1    Message no. 94 
2021-01-16 18:57:20,704 foo.bar         INFO     worker 1    Message no. 95 
2021-01-16 18:57:20,704 foo.bar.baz     INFO     worker 1    Message no. 98 
2021-01-16 18:57:20,701 foo.bar         INFO     worker 3    Message no. 0 
2021-01-16 18:57:20,706 foo.bar.baz     INFO     worker 3    Message no. 1 
2021-01-16 18:57:20,706 foo             CRITICAL worker 3    Message no. 5 
2021-01-16 18:57:20,706 foo             DEBUG    worker 3    Message no. 7 
2021-01-16 18:57:20,706 foo             ERROR    worker 3    Message no. 10 
2021-01-16 18:57:20,706 foo             INFO     worker 3    Message no. 12 
2021-01-16 18:57:20,706 foo             WARNING  worker 3    Message no. 13 
2021-01-16 18:57:20,706 foo.bar         INFO     worker 3    Message no. 16 
2021-01-16 18:57:20,706 foo.bar         WARNING  worker 3    Message no. 17 
2021-01-16 18:57:20,707 foo.bar         CRITICAL worker 3    Message no. 24 
2021-01-16 18:57:20,707 foo.bar         WARNING  worker 3    Message no. 26 
2021-01-16 18:57:20,707 foo             WARNING  worker 3    Message no. 29 
2021-01-16 18:57:20,707 foo.bar.baz     WARNING  worker 3    Message no. 30 
2021-01-16 18:57:20,707 foo.bar.baz     INFO     worker 3    Message no. 33 
2021-01-16 18:57:20,707 foo.bar         WARNING  worker 3    Message no. 34 
2021-01-16 18:57:20,707 foo.bar         INFO     worker 3    Message no. 35 
2021-01-16 18:57:20,707 foo.bar         INFO     worker 3    Message no. 38 
2021-01-16 18:57:20,707 foo             ERROR    worker 3    Message no. 39 
2021-01-16 18:57:20,707 foo             INFO     worker 3    Message no. 40 
2021-01-16 18:57:20,707 foo.bar         WARNING  worker 3    Message no. 47 
2021-01-16 18:57:20,707 foo.bar.baz     CRITICAL worker 3    Message no. 48 
2021-01-16 18:57:20,707 foo.bar.baz     CRITICAL worker 3    Message no. 49 
2021-01-16 18:57:20,707 foo.bar.baz     ERROR    worker 3    Message no. 50 
2021-01-16 18:57:20,707 foo.bar         ERROR    worker 3    Message no. 51 
2021-01-16 18:57:20,707 foo             DEBUG    worker 3    Message no. 52 
2021-01-16 18:57:20,707 foo.bar         CRITICAL worker 3    Message no. 54 
2021-01-16 18:57:20,707 foo.bar.baz     INFO     worker 3    Message no. 55 
2021-01-16 18:57:20,707 foo             CRITICAL worker 3    Message no. 56 
2021-01-16 18:57:20,708 foo             INFO     worker 3    Message no. 59 
2021-01-16 18:57:20,708 foo.bar         CRITICAL worker 3    Message no. 60 
2021-01-16 18:57:20,708 foo.bar.baz     WARNING  worker 3    Message no. 67 
2021-01-16 18:57:20,708 foo             CRITICAL worker 3    Message no. 70 
2021-01-16 18:57:20,708 foo.bar         ERROR    worker 3    Message no. 73 
2021-01-16 18:57:20,708 foo             CRITICAL worker 3    Message no. 75 
2021-01-16 18:57:20,708 foo             DEBUG    worker 3    Message no. 76 
2021-01-16 18:57:20,708 foo.bar.baz     CRITICAL worker 3    Message no. 79 
2021-01-16 18:57:20,708 foo.bar.baz     ERROR    worker 3    Message no. 84 
2021-01-16 18:57:20,708 foo             ERROR    worker 3    Message no. 86 
2021-01-16 18:57:20,708 foo.bar         WARNING  worker 3    Message no. 87 
2021-01-16 18:57:20,708 foo.bar         WARNING  worker 3    Message no. 88 
2021-01-16 18:57:20,708 foo.bar.baz     ERROR    worker 3    Message no. 91 
2021-01-16 18:57:20,713 foo.bar.baz     CRITICAL worker 3    Message no. 94 
2021-01-16 18:57:20,713 foo.bar         CRITICAL worker 3    Message no. 96 
2021-01-16 18:57:20,714 foo.bar         ERROR    worker 3    Message no. 97 
2021-01-16 18:57:20,714 foo.bar.baz     ERROR    worker 3    Message no. 98 
2021-01-16 18:57:20,704 foo             WARNING  worker 5    Message no. 0 
2021-01-16 18:57:20,713 foo.bar         CRITICAL worker 5    Message no. 4 
2021-01-16 18:57:20,713 foo             WARNING  worker 5    Message no. 6 
2021-01-16 18:57:20,714 foo             CRITICAL worker 5    Message no. 7 
2021-01-16 18:57:20,714 foo.bar.baz     INFO     worker 5    Message no. 8 
2021-01-16 18:57:20,714 foo.bar.baz     ERROR    worker 5    Message no. 9 
2021-01-16 18:57:20,714 foo             INFO     worker 5    Message no. 11 
2021-01-16 18:57:20,714 foo.bar         ERROR    worker 5    Message no. 12 
2021-01-16 18:57:20,714 foo.bar         INFO     worker 5    Message no. 13 
2021-01-16 18:57:20,714 foo             DEBUG    worker 5    Message no. 14 
2021-01-16 18:57:20,714 foo             CRITICAL worker 5    Message no. 17 
2021-01-16 18:57:20,714 foo.bar         DEBUG    worker 5    Message no. 18 
2021-01-16 18:57:20,714 foo.bar         ERROR    worker 5    Message no. 19 
2021-01-16 18:57:20,714 foo             INFO     worker 5    Message no. 20 
2021-01-16 18:57:20,714 foo.bar.baz     INFO     worker 5    Message no. 21 
2021-01-16 18:57:20,714 foo.bar         INFO     worker 5    Message no. 22 
2021-01-16 18:57:20,714 foo.bar.baz     CRITICAL worker 5    Message no. 26 
2021-01-16 18:57:20,714 foo             DEBUG    worker 5    Message no. 27 
2021-01-16 18:57:20,714 foo.bar         DEBUG    worker 5    Message no. 31 
2021-01-16 18:57:20,714 foo             CRITICAL worker 5    Message no. 37 
2021-01-16 18:57:20,714 foo.bar         INFO     worker 5    Message no. 41 
2021-01-16 18:57:20,714 foo.bar         ERROR    worker 5    Message no. 43 
2021-01-16 18:57:20,715 foo.bar.baz     ERROR    worker 5    Message no. 49 
2021-01-16 18:57:20,715 foo             DEBUG    worker 5    Message no. 52 
2021-01-16 18:57:20,715 foo.bar         INFO     worker 5    Message no. 53 
2021-01-16 18:57:20,715 foo.bar.baz     ERROR    worker 5    Message no. 61 
2021-01-16 18:57:20,715 foo             DEBUG    worker 5    Message no. 62 
2021-01-16 18:57:20,715 foo             WARNING  worker 5    Message no. 63 
2021-01-16 18:57:20,715 foo             CRITICAL worker 5    Message no. 64 
2021-01-16 18:57:20,715 foo             ERROR    worker 5    Message no. 65 
2021-01-16 18:57:20,715 foo.bar.baz     DEBUG    worker 5    Message no. 67 
2021-01-16 18:57:20,715 foo             ERROR    worker 5    Message no. 69 
2021-01-16 18:57:20,715 foo             DEBUG    worker 5    Message no. 75 
2021-01-16 18:57:20,715 foo.bar.baz     WARNING  worker 5    Message no. 78 
2021-01-16 18:57:20,716 foo.bar.baz     INFO     worker 5    Message no. 83 
2021-01-16 18:57:20,716 foo             INFO     worker 5    Message no. 84 
2021-01-16 18:57:20,716 foo.bar         CRITICAL worker 5    Message no. 89 
2021-01-16 18:57:20,716 foo             CRITICAL worker 5    Message no. 91 
2021-01-16 18:57:20,716 foo.bar.baz     DEBUG    worker 5    Message no. 92 
2021-01-16 18:57:20,706 foo.bar.baz     INFO     worker 4    Message no. 0 
2021-01-16 18:57:20,716 foo.bar         ERROR    worker 5    Message no. 96 
2021-01-16 18:57:20,716 foo.bar.baz     INFO     worker 4    Message no. 1 
2021-01-16 18:57:20,717 foo.bar.baz     WARNING  worker 4    Message no. 2 
2021-01-16 18:57:20,716 foo             WARNING  worker 5    Message no. 98 
2021-01-16 18:57:20,708 foo.bar.baz     WARNING  worker 2    Message no. 0 
2021-01-16 18:57:20,716 foo             DEBUG    worker 5    Message no. 99 
2021-01-16 18:57:20,717 foo             INFO     worker 4    Message no. 6 
2021-01-16 18:57:20,717 foo.bar         INFO     worker 4    Message no. 7 
2021-01-16 18:57:20,717 foo.bar.baz     INFO     worker 4    Message no. 8 
2021-01-16 18:57:20,717 foo.bar         DEBUG    worker 4    Message no. 9 
2021-01-16 18:57:20,717 foo.bar         INFO     worker 4    Message no. 11 
2021-01-16 18:57:20,717 foo.bar         INFO     worker 4    Message no. 12 
2021-01-16 18:57:20,717 foo.bar         DEBUG    worker 4    Message no. 13 
2021-01-16 18:57:20,717 foo.bar.baz     INFO     worker 4    Message no. 14 
2021-01-16 18:57:20,717 foo.bar.baz     INFO     worker 4    Message no. 17 
2021-01-16 18:57:20,717 foo.bar.baz     CRITICAL worker 4    Message no. 21 
2021-01-16 18:57:20,717 foo.bar.baz     CRITICAL worker 4    Message no. 22 
2021-01-16 18:57:20,717 foo.bar         INFO     worker 4    Message no. 24 
2021-01-16 18:57:20,717 foo             CRITICAL worker 4    Message no. 25 
2021-01-16 18:57:20,717 foo.bar.baz     CRITICAL worker 4    Message no. 26 
2021-01-16 18:57:20,717 foo.bar.baz     INFO     worker 4    Message no. 27 
2021-01-16 18:57:20,717 foo.bar         INFO     worker 4    Message no. 29 
2021-01-16 18:57:20,716 foo.bar.baz     INFO     worker 2    Message no. 1 
2021-01-16 18:57:20,716 foo             INFO     worker 2    Message no. 2 
2021-01-16 18:57:20,716 foo             WARNING  worker 2    Message no. 3 
2021-01-16 18:57:20,716 foo             INFO     worker 2    Message no. 4 
2021-01-16 18:57:20,716 foo.bar         DEBUG    worker 2    Message no. 5 
2021-01-16 18:57:20,717 foo             CRITICAL worker 4    Message no. 35 
2021-01-16 18:57:20,716 foo.bar.baz     WARNING  worker 2    Message no. 6 
2021-01-16 18:57:20,716 foo.bar         CRITICAL worker 2    Message no. 8 
2021-01-16 18:57:20,716 foo.bar         CRITICAL worker 2    Message no. 11 
2021-01-16 18:57:20,716 foo.bar.baz     WARNING  worker 2    Message no. 12 
2021-01-16 18:57:20,718 foo.bar.baz     DEBUG    worker 4    Message no. 38 
2021-01-16 18:57:20,716 foo             WARNING  worker 2    Message no. 19 
2021-01-16 18:57:20,716 foo.bar         ERROR    worker 2    Message no. 22 
2021-01-16 18:57:20,716 foo.bar         CRITICAL worker 2    Message no. 23 
2021-01-16 18:57:20,716 foo.bar.baz     CRITICAL worker 2    Message no. 25 
2021-01-16 18:57:20,716 foo.bar.baz     ERROR    worker 2    Message no. 27 
2021-01-16 18:57:20,718 foo             DEBUG    worker 4    Message no. 41 
2021-01-16 18:57:20,718 foo.bar.baz     CRITICAL worker 4    Message no. 44 
2021-01-16 18:57:20,718 foo             INFO     worker 4    Message no. 45 
2021-01-16 18:57:20,718 foo             WARNING  worker 4    Message no. 46 
2021-01-16 18:57:20,718 foo.bar.baz     INFO     worker 4    Message no. 47 
2021-01-16 18:57:20,718 foo             WARNING  worker 4    Message no. 48 
2021-01-16 18:57:20,718 foo.bar.baz     WARNING  worker 4    Message no. 50 
2021-01-16 18:57:20,718 foo.bar.baz     INFO     worker 4    Message no. 51 
2021-01-16 18:57:20,718 foo.bar         ERROR    worker 4    Message no. 52 
2021-01-16 18:57:20,718 foo.bar         CRITICAL worker 4    Message no. 57 
2021-01-16 18:57:20,718 foo.bar.baz     CRITICAL worker 4    Message no. 61 
2021-01-16 18:57:20,718 foo             WARNING  worker 4    Message no. 62 
2021-01-16 18:57:20,718 foo.bar         DEBUG    worker 4    Message no. 65 
2021-01-16 18:57:20,718 foo.bar.baz     CRITICAL worker 4    Message no. 66 
2021-01-16 18:57:20,717 foo             WARNING  worker 2    Message no. 32 
2021-01-16 18:57:20,717 foo.bar.baz     INFO     worker 2    Message no. 33 
2021-01-16 18:57:20,717 foo             ERROR    worker 2    Message no. 37 
2021-01-16 18:57:20,717 foo             DEBUG    worker 2    Message no. 39 
2021-01-16 18:57:20,717 foo             ERROR    worker 2    Message no. 41 
2021-01-16 18:57:20,717 foo             CRITICAL worker 2    Message no. 42 
2021-01-16 18:57:20,718 foo             ERROR    worker 4    Message no. 68 
2021-01-16 18:57:20,721 foo             ERROR    worker 4    Message no. 70 
2021-01-16 18:57:20,721 foo.bar.baz     INFO     worker 4    Message no. 71 
2021-01-16 18:57:20,721 foo.bar.baz     WARNING  worker 4    Message no. 74 
2021-01-16 18:57:20,721 foo             DEBUG    worker 4    Message no. 75 
2021-01-16 18:57:20,721 foo.bar.baz     WARNING  worker 4    Message no. 76 
2021-01-16 18:57:20,721 foo             WARNING  worker 4    Message no. 77 
2021-01-16 18:57:20,721 foo.bar.baz     CRITICAL worker 4    Message no. 78 
2021-01-16 18:57:20,721 foo             CRITICAL worker 4    Message no. 79 
2021-01-16 18:57:20,717 foo             ERROR    worker 2    Message no. 43 
2021-01-16 18:57:20,717 foo.bar         ERROR    worker 2    Message no. 45 
2021-01-16 18:57:20,717 foo.bar.baz     WARNING  worker 2    Message no. 49 
2021-01-16 18:57:20,717 foo.bar         WARNING  worker 2    Message no. 51 
2021-01-16 18:57:20,717 foo             ERROR    worker 2    Message no. 52 
2021-01-16 18:57:20,717 foo.bar.baz     ERROR    worker 2    Message no. 54 
2021-01-16 18:57:20,721 foo.bar         DEBUG    worker 4    Message no. 82 
2021-01-16 18:57:20,721 foo             CRITICAL worker 4    Message no. 83 
2021-01-16 18:57:20,721 foo.bar         WARNING  worker 4    Message no. 84 
2021-01-16 18:57:20,721 foo.bar         DEBUG    worker 4    Message no. 85 
2021-01-16 18:57:20,721 foo.bar.baz     WARNING  worker 4    Message no. 86 
2021-01-16 18:57:20,721 foo             WARNING  worker 4    Message no. 87 
2021-01-16 18:57:20,721 foo.bar         DEBUG    worker 4    Message no. 90 
2021-01-16 18:57:20,717 foo             CRITICAL worker 2    Message no. 57 
2021-01-16 18:57:20,717 foo.bar.baz     INFO     worker 2    Message no. 62 
2021-01-16 18:57:20,721 foo.bar         CRITICAL worker 4    Message no. 93 
2021-01-16 18:57:20,717 foo.bar         INFO     worker 2    Message no. 65 
2021-01-16 18:57:20,717 foo             DEBUG    worker 2    Message no. 66 
2021-01-16 18:57:20,717 foo.bar         WARNING  worker 2    Message no. 68 
2021-01-16 18:57:20,718 foo.bar.baz     CRITICAL worker 2    Message no. 69 
2021-01-16 18:57:20,721 foo.bar         DEBUG    worker 4    Message no. 95 
2021-01-16 18:57:20,718 foo             CRITICAL worker 2    Message no. 72 
2021-01-16 18:57:20,718 foo.bar         ERROR    worker 2    Message no. 73 
2021-01-16 18:57:20,721 foo             DEBUG    worker 4    Message no. 97 
2021-01-16 18:57:20,718 foo.bar         CRITICAL worker 2    Message no. 74 
2021-01-16 18:57:20,718 foo.bar.baz     WARNING  worker 2    Message no. 76 
2021-01-16 18:57:20,718 foo.bar         INFO     worker 2    Message no. 77 
2021-01-16 18:57:20,718 foo             INFO     worker 2    Message no. 79 
2021-01-16 18:57:20,718 foo             WARNING  worker 2    Message no. 82 
2021-01-16 18:57:20,718 foo             WARNING  worker 2    Message no. 85 
2021-01-16 18:57:20,718 foo.bar         CRITICAL worker 2    Message no. 86 
2021-01-16 18:57:20,718 foo.bar         DEBUG    worker 2    Message no. 89 
2021-01-16 18:57:20,718 foo.bar         WARNING  worker 2    Message no. 90 
2021-01-16 18:57:20,718 foo.bar.baz     DEBUG    worker 2    Message no. 91 
2021-01-16 18:57:20,718 foo.bar         DEBUG    worker 2    Message no. 92 
2021-01-16 18:57:20,718 foo             WARNING  worker 2    Message no. 93 
2021-01-16 18:57:20,718 foo             ERROR    worker 2    Message no. 97 
2021-01-16 18:57:20,718 foo.bar.baz     WARNING  worker 2    Message no. 99 
